<?xml version="1.0" encoding="UTF-8"?>
<testsuite xmlns:xsi="http://www.w3.org/2001/XMLSchema-instance" xsi:noNamespaceSchemaLocation="https://maven.apache.org/surefire/maven-surefire-plugin/xsd/surefire-test-report.xsd" name="it.polimi.ingsw.PSP13.modelTests.MapTest" time="0.042" tests="5" errors="0" skipped="0" failures="0">
  <properties>
    <property name="java.specification.version" value="13"/>
    <property name="sun.jnu.encoding" value="UTF-8"/>
    <property name="java.class.path" value="/home/riccardo/IdeaProjects/ing-sw-2020-ercolani-gheller-nannini/target/test-classes:/home/riccardo/IdeaProjects/ing-sw-2020-ercolani-gheller-nannini/target/classes:/home/riccardo/.m2/repository/junit/junit/4.11/junit-4.11.jar:/home/riccardo/.m2/repository/org/hamcrest/hamcrest-core/1.3/hamcrest-core-1.3.jar:"/>
    <property name="java.vm.vendor" value="Oracle Corporation"/>
    <property name="sun.arch.data.model" value="64"/>
    <property name="java.vendor.url" value="https://java.oracle.com/"/>
    <property name="os.name" value="Linux"/>
    <property name="java.vm.specification.version" value="13"/>
    <property name="sun.java.launcher" value="SUN_STANDARD"/>
    <property name="user.country" value="US"/>
    <property name="sun.boot.library.path" value="/usr/lib/jvm/jdk-13.0.2/lib"/>
    <property name="sun.java.command" value="/home/riccardo/IdeaProjects/ing-sw-2020-ercolani-gheller-nannini/target/surefire/surefirebooter5015515276345936493.jar /home/riccardo/IdeaProjects/ing-sw-2020-ercolani-gheller-nannini/target/surefire 2020-03-28T15-52-45_752-jvmRun1 surefire16698090904138615970tmp surefire_04778837425232918877tmp"/>
    <property name="jdk.debug" value="release"/>
    <property name="surefire.test.class.path" value="/home/riccardo/IdeaProjects/ing-sw-2020-ercolani-gheller-nannini/target/test-classes:/home/riccardo/IdeaProjects/ing-sw-2020-ercolani-gheller-nannini/target/classes:/home/riccardo/.m2/repository/junit/junit/4.11/junit-4.11.jar:/home/riccardo/.m2/repository/org/hamcrest/hamcrest-core/1.3/hamcrest-core-1.3.jar:"/>
    <property name="sun.cpu.endian" value="little"/>
    <property name="user.home" value="/home/riccardo"/>
    <property name="user.language" value="en"/>
    <property name="java.specification.vendor" value="Oracle Corporation"/>
    <property name="java.version.date" value="2020-01-14"/>
    <property name="java.home" value="/usr/lib/jvm/jdk-13.0.2"/>
    <property name="file.separator" value="/"/>
    <property name="basedir" value="/home/riccardo/IdeaProjects/ing-sw-2020-ercolani-gheller-nannini"/>
    <property name="java.vm.compressedOopsMode" value="Zero based"/>
    <property name="line.separator" value="&#10;"/>
    <property name="java.vm.specification.vendor" value="Oracle Corporation"/>
    <property name="java.specification.name" value="Java Platform API Specification"/>
    <property name="surefire.real.class.path" value="/home/riccardo/IdeaProjects/ing-sw-2020-ercolani-gheller-nannini/target/surefire/surefirebooter5015515276345936493.jar"/>
    <property name="sun.management.compiler" value="HotSpot 64-Bit Tiered Compilers"/>
    <property name="java.runtime.version" value="13.0.2+8"/>
    <property name="user.name" value="riccardo"/>
    <property name="path.separator" value=":"/>
    <property name="os.version" value="5.3.0-42-generic"/>
    <property name="java.runtime.name" value="Java(TM) SE Runtime Environment"/>
    <property name="file.encoding" value="UTF-8"/>
    <property name="java.vm.name" value="Java HotSpot(TM) 64-Bit Server VM"/>
    <property name="localRepository" value="/home/riccardo/.m2/repository"/>
    <property name="java.vendor.url.bug" value="https://bugreport.java.com/bugreport/"/>
    <property name="java.io.tmpdir" value="/tmp"/>
    <property name="java.version" value="13.0.2"/>
    <property name="user.dir" value="/home/riccardo/IdeaProjects/ing-sw-2020-ercolani-gheller-nannini"/>
    <property name="os.arch" value="amd64"/>
    <property name="java.vm.specification.name" value="Java Virtual Machine Specification"/>
    <property name="idea.version2019.3.4" value="true"/>
    <property name="java.library.path" value="/usr/java/packages/lib:/usr/lib64:/lib64:/lib:/usr/lib"/>
    <property name="java.vm.info" value="mixed mode, sharing"/>
    <property name="java.vendor" value="Oracle Corporation"/>
    <property name="java.vm.version" value="13.0.2+8"/>
    <property name="sun.io.unicode.encoding" value="UnicodeLittle"/>
    <property name="java.class.version" value="57.0"/>
  </properties>
  <testcase name="CheckIfLegalTrue" classname="it.polimi.ingsw.PSP13.modelTests.MapTest" time="0.002"/>
  <testcase name="TestAdjacent" classname="it.polimi.ingsw.PSP13.modelTests.MapTest" time="0.006"/>
  <testcase name="TestAdjacentException" classname="it.polimi.ingsw.PSP13.modelTests.MapTest" time="0"/>
  <testcase name="checkGetCellException" classname="it.polimi.ingsw.PSP13.modelTests.MapTest" time="0"/>
  <testcase name="checkIfLegalFalse" classname="it.polimi.ingsw.PSP13.modelTests.MapTest" time="0"/>
</testsuite>